[2024-06-21 05:36:17,951] [DEBUG] [zeus] : run:36 - Task: SimpleEcho; Data: {'cmd': 'echo test', 'workdir': '/', 'uptime': 10}
[2024-06-21 05:36:17,951] [INFO] [zeus] : run:37 - Task: SimpleEcho, command: echo test, uptime: 10, execution directory: /
[2024-06-21 05:36:27,968] [INFO] [zeus] : exec_cmd:53 - Command: echo test; error_level: 1
[2024-06-21 05:38:15,904] [DEBUG] [zeus] : run:36 - Task: SimpleEcho; Data: {'cmd': 'echo test', 'workdir': '/', 'uptime': 10}
[2024-06-21 05:38:15,904] [INFO] [zeus] : run:37 - Task: SimpleEcho, command: echo test, uptime: 10, execution directory: /
[2024-06-21 05:38:25,911] [INFO] [zeus] : exec_cmd:53 - Command: echo test; error_level: 1
[2024-06-21 05:40:36,326] [INFO] [tsch] : run:29 - TaskScheduler launched and going to process the tasks
[2024-06-21 05:40:36,326] [INFO] [tsch] : run:38 - Task: SimpleEcho, command: echo test, uptime: 10, execution directory: /
[2024-06-21 05:40:46,339] [INFO] [zeus] : exec_cmd:53 - Command: echo test; error_level: 1
[2024-06-21 05:43:20,138] [INFO] [zeus] : run:67 - Starting remote access component
[2024-06-21 05:43:56,274] [DEBUG] [zeus] : help:38 - Remote access component: message /help requested
[2024-06-21 05:44:06,640] [DEBUG] [zeus] : start:33 - Remote access component: message /start requested
[2024-06-21 05:44:17,067] [DEBUG] [zeus] : commands:43 - Remote access component: message /commands requested
[2024-06-21 05:44:22,748] [DEBUG] [zeus] : cmd_command:53 - Remote access component: message /cmd requested
[2024-06-21 05:44:22,852] [INFO] [zeus] : exec_cmd:53 - Command: /cmd; error_level: 1
[2024-06-21 05:44:39,489] [DEBUG] [zeus] : cmd_command:53 - Remote access component: message /cmd requested
[2024-06-21 05:44:39,606] [INFO] [zeus] : exec_cmd:53 - Command: /cmd; error_level: 1
[2024-06-21 05:46:16,341] [INFO] [zeus] : run:68 - Starting remote access component
[2024-06-21 05:46:21,390] [DEBUG] [zeus] : start:33 - Remote access component: message /start requested
[2024-06-21 05:47:09,513] [INFO] [zeus] : run:68 - Starting remote access component
[2024-06-21 05:48:23,998] [INFO] [zeus] : run:68 - Starting remote access component
[2024-06-21 05:53:12,256] [INFO] [zeus] : run:68 - Starting remote access component
[2024-06-21 06:40:13,389] [INFO] [zeus] : run:68 - Starting remote access component
[2024-06-21 06:40:14,545] [DEBUG] [zeus] : cmd_command:53 - Remote access component: message /cmd requested
[2024-06-21 06:40:14,545] [DEBUG] [zeus] : start:33 - Remote access component: message /start requested
[2024-06-21 06:40:14,648] [INFO] [zeus] : exec_cmd:53 - Command: echo; error_level: 1
[2024-06-21 06:40:15,422] [DEBUG] [zeus] : start:33 - Remote access component: message /start requested
[2024-06-21 06:40:15,498] [DEBUG] [zeus] : help:38 - Remote access component: message /help requested
[2024-06-21 06:40:15,592] [DEBUG] [zeus] : commands:43 - Remote access component: message /commands requested
[2024-06-21 06:40:20,721] [DEBUG] [zeus] : commands:43 - Remote access component: message /commands requested
[2024-06-21 06:40:32,909] [DEBUG] [zeus] : cmd_command:53 - Remote access component: message /cmd requested
[2024-06-21 06:40:33,014] [INFO] [zeus] : exec_cmd:53 - Command: echo; error_level: 1
[2024-06-21 06:40:52,023] [DEBUG] [zeus] : cmd_command:53 - Remote access component: message /cmd requested
[2024-06-21 06:40:52,127] [INFO] [zeus] : exec_cmd:53 - Command: dir; error_level: 1
[2024-06-21 06:41:09,232] [DEBUG] [zeus] : cmd_command:53 - Remote access component: message /cmd requested
[2024-06-21 06:41:12,117] [INFO] [zeus] : exec_cmd:53 - Command: systeminfo; error_level: 0
[2024-06-21 06:41:25,984] [DEBUG] [zeus] : cmd_command:53 - Remote access component: message /cmd requested
[2024-06-21 06:41:26,085] [INFO] [zeus] : exec_cmd:53 - Command: echo; error_level: 1
[2024-06-21 06:42:06,076] [INFO] [tsch] : run:29 - TaskScheduler launched and going to process the tasks
[2024-06-21 06:42:06,076] [INFO] [tsch] : run:38 - Task: SimpleEcho, command: echo test, uptime: 10, execution directory: /
[2024-06-21 06:42:06,092] [INFO] [zeus] : run:68 - Starting remote access component
[2024-06-21 06:42:14,565] [DEBUG] [zeus] : start:33 - Remote access component: message /start requested
[2024-06-21 06:42:16,093] [INFO] [zeus] : exec_cmd:53 - Command: echo test; error_level: 1
[2024-06-21 06:42:17,748] [DEBUG] [zeus] : commands:43 - Remote access component: message /commands requested
[2024-06-21 06:42:23,902] [DEBUG] [zeus] : cmd_command:53 - Remote access component: message /cmd requested
[2024-06-21 06:42:24,014] [INFO] [zeus] : exec_cmd:53 - Command: dir; error_level: 1
[2024-06-21 06:42:35,030] [DEBUG] [zeus] : cmd_command:53 - Remote access component: message /cmd requested
[2024-06-21 06:42:35,140] [INFO] [zeus] : exec_cmd:53 - Command: ipdonfig; error_level: 1
[2024-06-21 06:42:55,651] [DEBUG] [zeus] : cmd_command:53 - Remote access component: message /cmd requested
[2024-06-21 06:42:55,998] [INFO] [zeus] : exec_cmd:53 - Command: tasklist; error_level: 0
[2024-06-21 06:43:11,842] [INFO] [tsch] : run:29 - TaskScheduler launched and going to process the tasks
[2024-06-21 06:43:11,842] [INFO] [tsch] : run:38 - Task: SimpleEcho, command: echo test, uptime: 10, execution directory: /
[2024-06-21 06:43:11,842] [INFO] [zeus] : run:68 - Starting remote access component
[2024-06-21 06:43:20,814] [DEBUG] [zeus] : cmd_command:53 - Remote access component: message /cmd requested
[2024-06-21 06:43:21,170] [INFO] [zeus] : exec_cmd:53 - Command: tasklist; error_level: 0
[2024-06-21 06:43:21,847] [INFO] [zeus] : exec_cmd:53 - Command: echo test; error_level: 1
[2024-06-21 06:43:30,529] [INFO] [tsch] : run:29 - TaskScheduler launched and going to process the tasks
[2024-06-21 06:43:30,529] [INFO] [tsch] : run:38 - Task: SimpleEcho, command: echo test, uptime: 10, execution directory: /
[2024-06-21 06:43:30,529] [INFO] [zeus] : run:68 - Starting remote access component
[2024-06-21 06:43:35,022] [DEBUG] [zeus] : help:38 - Remote access component: message /help requested
[2024-06-21 06:43:40,535] [INFO] [zeus] : exec_cmd:53 - Command: echo test; error_level: 1
[2024-06-21 06:43:42,360] [DEBUG] [zeus] : start:33 - Remote access component: message /start requested
[2024-06-22 10:20:01,370] [INFO] [tsch] : run:29 - TaskScheduler launched and going to process the tasks
[2024-06-22 10:20:01,370] [INFO] [tsch] : run:38 - Task: SimpleEcho, command: echo test, uptime: 10, execution directory: /
[2024-06-22 10:20:01,371] [INFO] [zeus] : run:69 - Starting remote access component
[2024-06-22 10:20:02,585] [DEBUG] [zeus] : commands:43 - Remote access component: message /commands requested
[2024-06-22 10:20:11,382] [INFO] [zeus] : exec_cmd:53 - Command: echo test; error_level: 1
[2024-06-22 10:20:22,791] [DEBUG] [zeus] : commands:43 - Remote access component: message /commands requested
[2024-06-22 10:20:33,491] [DEBUG] [zeus] : cmd_command:53 - Remote access component: message /cmd requested
[2024-06-22 10:20:33,492] [DEBUG] [zeus] : cmd_command:56 - Received command from user: echo
[2024-06-22 10:20:33,604] [INFO] [zeus] : exec_cmd:53 - Command: echo; error_level: 1
[2024-06-22 10:21:07,543] [INFO] [tsch] : run:29 - TaskScheduler launched and going to process the tasks
[2024-06-22 10:21:07,543] [INFO] [tsch] : run:38 - Task: SimpleEcho, command: echo test, uptime: 10, execution directory: /
[2024-06-22 10:21:07,544] [INFO] [zeus] : run:69 - Starting remote access component
[2024-06-22 10:21:16,509] [DEBUG] [zeus] : cmd_command:53 - Remote access component: message /cmd requested
[2024-06-22 10:21:16,511] [DEBUG] [zeus] : cmd_command:56 - Received command from user: ['echo', 'test']
[2024-06-22 10:21:16,615] [INFO] [zeus] : exec_cmd:53 - Command: ['echo', 'test']; error_level: 1
[2024-06-22 10:21:17,555] [INFO] [zeus] : exec_cmd:53 - Command: echo test; error_level: 1
[2024-06-22 10:23:37,240] [INFO] [zeus] : exec_cmd:53 - Command: ['echo', '123']; error_level: 1
[2024-06-22 10:24:00,789] [INFO] [zeus] : exec_cmd:53 - Command: ['ls', '-l']; error_level: 1
[2024-06-22 10:24:15,230] [INFO] [zeus] : exec_cmd:53 - Command: ['ls', '-l']; error_level: 0
[2024-06-22 10:24:21,775] [INFO] [tsch] : run:29 - TaskScheduler launched and going to process the tasks
[2024-06-22 10:24:21,775] [INFO] [tsch] : run:38 - Task: SimpleEcho, command: echo test, uptime: 10, execution directory: /
[2024-06-22 10:24:21,776] [INFO] [zeus] : run:69 - Starting remote access component
[2024-06-22 10:24:48,019] [INFO] [tsch] : run:29 - TaskScheduler launched and going to process the tasks
[2024-06-22 10:24:48,019] [INFO] [tsch] : run:38 - Task: SimpleEcho, command: echo test, uptime: 10, execution directory: /
[2024-06-22 10:24:48,019] [INFO] [zeus] : run:69 - Starting remote access component
[2024-06-22 10:24:55,593] [DEBUG] [zeus] : cmd_command:53 - Remote access component: message /cmd requested
[2024-06-22 10:24:55,595] [DEBUG] [zeus] : cmd_command:56 - Received command from user: ['echo', '123']
[2024-06-22 10:24:55,716] [INFO] [zeus] : exec_cmd:53 - Command: ['echo', '123']; error_level: 0
[2024-06-22 10:24:58,033] [INFO] [zeus] : exec_cmd:53 - Command: echo test; error_level: 1
[2024-06-22 10:25:11,021] [DEBUG] [zeus] : cmd_command:53 - Remote access component: message /cmd requested
[2024-06-22 10:25:11,022] [DEBUG] [zeus] : cmd_command:56 - Received command from user: ['ls', '-la']
[2024-06-22 10:25:11,143] [INFO] [zeus] : exec_cmd:53 - Command: ['ls', '-la']; error_level: 0
[2024-06-22 10:25:17,548] [DEBUG] [zeus] : cmd_command:53 - Remote access component: message /cmd requested
[2024-06-22 10:25:17,548] [DEBUG] [zeus] : cmd_command:56 - Received command from user: ['pwd']
[2024-06-22 10:25:17,666] [INFO] [zeus] : exec_cmd:53 - Command: ['pwd']; error_level: 0
[2024-06-22 10:43:08,759] [INFO] [tsch] : run:29 - TaskScheduler launched and going to process the tasks
[2024-06-22 10:43:08,760] [INFO] [tsch] : run:38 - Task: SimpleEcho, command: echo test, uptime: 10, execution directory: /
[2024-06-22 10:43:08,760] [INFO] [tsch] : run:45 - TaskScheduler worker completed. All tasks executed!
[2024-06-22 10:43:08,760] [INFO] [zeus] : run:104 - Starting remote access component
[2024-06-22 10:43:18,773] [INFO] [zeus] : exec_cmd:53 - Command: echo test; error_level: 1
[2024-06-22 10:43:56,214] [DEBUG] [zeus] : help:43 - Remote access component: message /help requested
[2024-06-22 10:43:59,585] [DEBUG] [zeus] : commands:48 - Remote access component: message /commands requested
